<?xml version="1.0" encoding="UTF-8"?>
<testsuite xmlns:xsi="http://www.w3.org/2001/XMLSchema-instance" xsi:noNamespaceSchemaLocation="https://maven.apache.org/surefire/maven-surefire-plugin/xsd/surefire-test-report-3.0.xsd" version="3.0" name="com.company.AppTest" time="0.039" tests="1" errors="0" skipped="0" failures="0">
  <properties>
    <property name="java.specification.version" value="19"/>
    <property name="sun.jnu.encoding" value="UTF-8"/>
    <property name="java.class.path" value="/Users/souravbudke/social-media-activity-checker/social-media-activity-checker/target/test-classes:/Users/souravbudke/social-media-activity-checker/social-media-activity-checker/target/classes:/Users/souravbudke/.m2/repository/org/apache/httpcomponents/client5/httpclient5/5.1/httpclient5-5.1.jar:/Users/souravbudke/.m2/repository/org/apache/httpcomponents/core5/httpcore5/5.1.1/httpcore5-5.1.1.jar:/Users/souravbudke/.m2/repository/org/apache/httpcomponents/core5/httpcore5-h2/5.1.1/httpcore5-h2-5.1.1.jar:/Users/souravbudke/.m2/repository/org/slf4j/slf4j-api/1.7.25/slf4j-api-1.7.25.jar:/Users/souravbudke/.m2/repository/commons-codec/commons-codec/1.15/commons-codec-1.15.jar:/Users/souravbudke/.m2/repository/junit/junit/4.13.2/junit-4.13.2.jar:/Users/souravbudke/.m2/repository/org/hamcrest/hamcrest-core/1.3/hamcrest-core-1.3.jar:/Users/souravbudke/.m2/repository/com/google/code/gson/gson/2.8.9/gson-2.8.9.jar:"/>
    <property name="java.vm.vendor" value="Oracle Corporation"/>
    <property name="sun.arch.data.model" value="64"/>
    <property name="java.vendor.url" value="https://java.oracle.com/"/>
    <property name="os.name" value="Mac OS X"/>
    <property name="java.vm.specification.version" value="19"/>
    <property name="sun.java.launcher" value="SUN_STANDARD"/>
    <property name="user.country" value="IN"/>
    <property name="sun.boot.library.path" value="/Library/Java/JavaVirtualMachines/jdk-19.jdk/Contents/Home/lib"/>
    <property name="sun.java.command" value="/Users/souravbudke/social-media-activity-checker/social-media-activity-checker/target/surefire/surefirebooter-20240918195737048_3.jar /Users/souravbudke/social-media-activity-checker/social-media-activity-checker/target/surefire 2024-09-18T19-57-36_934-jvmRun1 surefire-20240918195737048_1tmp surefire_0-20240918195737048_2tmp"/>
    <property name="http.nonProxyHosts" value="local|*.local|169.254/16|*.169.254/16"/>
    <property name="jdk.debug" value="release"/>
    <property name="surefire.test.class.path" value="/Users/souravbudke/social-media-activity-checker/social-media-activity-checker/target/test-classes:/Users/souravbudke/social-media-activity-checker/social-media-activity-checker/target/classes:/Users/souravbudke/.m2/repository/org/apache/httpcomponents/client5/httpclient5/5.1/httpclient5-5.1.jar:/Users/souravbudke/.m2/repository/org/apache/httpcomponents/core5/httpcore5/5.1.1/httpcore5-5.1.1.jar:/Users/souravbudke/.m2/repository/org/apache/httpcomponents/core5/httpcore5-h2/5.1.1/httpcore5-h2-5.1.1.jar:/Users/souravbudke/.m2/repository/org/slf4j/slf4j-api/1.7.25/slf4j-api-1.7.25.jar:/Users/souravbudke/.m2/repository/commons-codec/commons-codec/1.15/commons-codec-1.15.jar:/Users/souravbudke/.m2/repository/junit/junit/4.13.2/junit-4.13.2.jar:/Users/souravbudke/.m2/repository/org/hamcrest/hamcrest-core/1.3/hamcrest-core-1.3.jar:/Users/souravbudke/.m2/repository/com/google/code/gson/gson/2.8.9/gson-2.8.9.jar:"/>
    <property name="sun.cpu.endian" value="little"/>
    <property name="user.home" value="/Users/souravbudke"/>
    <property name="user.language" value="en"/>
    <property name="java.specification.vendor" value="Oracle Corporation"/>
    <property name="java.version.date" value="2022-10-18"/>
    <property name="java.home" value="/Library/Java/JavaVirtualMachines/jdk-19.jdk/Contents/Home"/>
    <property name="file.separator" value="/"/>
    <property name="basedir" value="/Users/souravbudke/social-media-activity-checker/social-media-activity-checker"/>
    <property name="java.vm.compressedOopsMode" value="Zero based"/>
    <property name="line.separator" value="&#10;"/>
    <property name="java.vm.specification.vendor" value="Oracle Corporation"/>
    <property name="java.specification.name" value="Java Platform API Specification"/>
    <property name="apple.awt.application.name" value="ForkedBooter"/>
    <property name="surefire.real.class.path" value="/Users/souravbudke/social-media-activity-checker/social-media-activity-checker/target/surefire/surefirebooter-20240918195737048_3.jar"/>
    <property name="sun.management.compiler" value="HotSpot 64-Bit Tiered Compilers"/>
    <property name="ftp.nonProxyHosts" value="local|*.local|169.254/16|*.169.254/16"/>
    <property name="java.runtime.version" value="19.0.1+10-21"/>
    <property name="user.name" value="souravbudke"/>
    <property name="stdout.encoding" value="UTF-8"/>
    <property name="path.separator" value=":"/>
    <property name="os.version" value="15.0"/>
    <property name="java.runtime.name" value="Java(TM) SE Runtime Environment"/>
    <property name="file.encoding" value="UTF-8"/>
    <property name="java.vm.name" value="Java HotSpot(TM) 64-Bit Server VM"/>
    <property name="localRepository" value="/Users/souravbudke/.m2/repository"/>
    <property name="java.vendor.url.bug" value="https://bugreport.java.com/bugreport/"/>
    <property name="java.io.tmpdir" value="/var/folders/x2/xrb47zjj0wg1kgq3zb57q0t00000gn/T/"/>
    <property name="java.version" value="19.0.1"/>
    <property name="user.dir" value="/Users/souravbudke/social-media-activity-checker/social-media-activity-checker"/>
    <property name="os.arch" value="aarch64"/>
    <property name="java.vm.specification.name" value="Java Virtual Machine Specification"/>
    <property name="native.encoding" value="UTF-8"/>
    <property name="java.library.path" value="/Users/souravbudke/Library/Java/Extensions:/Library/Java/Extensions:/Network/Library/Java/Extensions:/System/Library/Java/Extensions:/usr/lib/java:."/>
    <property name="java.vm.info" value="mixed mode, sharing"/>
    <property name="stderr.encoding" value="UTF-8"/>
    <property name="java.vendor" value="Oracle Corporation"/>
    <property name="java.vm.version" value="19.0.1+10-21"/>
    <property name="sun.io.unicode.encoding" value="UnicodeBig"/>
    <property name="socksNonProxyHosts" value="local|*.local|169.254/16|*.169.254/16"/>
    <property name="java.class.version" value="63.0"/>
  </properties>
  <testcase name="testApp" classname="com.company.AppTest" time="0.003"/>
</testsuite>